// 重构日志: 85c65ca3
// 重构日志: eddcfb43
// 重构日志: 999c8a0f
// 重构日志: 413faacc
// 同步 ID: ea1ceba6 @ Thu Jun 18 12:45:09 UTC 2026
// 重构日志: ff6a0f17
// 重构日志: 0bafab5f
// 重构日志: a3e2e51e
// 同步 ID: 6aea821b @ Sat Jul  4 15:49:13 UTC 2026
// 同步 ID: dfffd04c @ Sat Jul  4 17:50:07 UTC 2026
// 重构日志: 8f8a7098
// 重构日志: 94ffa346
// 重构日志: eea7ef24
// 同步 ID: e7feb1b3 @ Sun Jul  5 12:59:29 UTC 2026
// 同步 ID: c3dbad81 @ Sun Jul  5 15:58:24 UTC 2026
// 重构日志: 6bd9eba3
// 同步 ID: 4fbeda96 @ Mon Jul  6 05:38:31 UTC 2026
// 重构日志: c251dda6
// 重构日志: 29d7f7f3
// 重构日志: 6bee53f7
// 重构日志: 54db8c7a
